\BOOKMARK [0][-]{resumo.0}{Resumo}{}% 1
\BOOKMARK [0][-]{abstract.0}{Abstract}{}% 2
\BOOKMARK [0][-]{chapter.1}{Introdu\347\343o}{}% 3
\BOOKMARK [1][-]{section.1.1}{Motiva\347\343o}{chapter.1}% 4
\BOOKMARK [1][-]{section.1.2}{Objetivos}{chapter.1}% 5
\BOOKMARK [2][-]{subsection.1.2.1}{Veja Tamb\351m}{section.1.2}% 6
\BOOKMARK [1][-]{section.1.3}{Contribui\347\365es do Trabalho}{chapter.1}% 7
\BOOKMARK [2][-]{subsection.1.3.1}{Veja Tamb\351m}{section.1.3}% 8
\BOOKMARK [1][-]{section.1.4}{Estrutura do Trabalho}{chapter.1}% 9
\BOOKMARK [2][-]{subsection.1.4.1}{Veja Tamb\351m}{section.1.4}% 10
\BOOKMARK [0][-]{chapter.2}{Revis\343o Bibliogr\341fica}{}% 11
\BOOKMARK [1][-]{section.2.1}{Active Learning}{chapter.2}% 12
\BOOKMARK [1][-]{section.2.2}{Minera\347\343o de Textos}{chapter.2}% 13
\BOOKMARK [1][-]{section.2.3}{Informa\347\365es do Trabalho}{chapter.2}% 14
\BOOKMARK [1][-]{section.2.4}{Arquivos}{chapter.2}% 15
\BOOKMARK [1][-]{section.2.5}{Documento}{chapter.2}% 16
\BOOKMARK [2][-]{subsection.2.5.1}{Cap\355tulos}{section.2.5}% 17
\BOOKMARK [2][-]{subsection.2.5.2}{Figuras}{section.2.5}% 18
\BOOKMARK [2][-]{subsection.2.5.3}{Equa\347\365es}{section.2.5}% 19
\BOOKMARK [2][-]{subsection.2.5.4}{Tabelas}{section.2.5}% 20
\BOOKMARK [2][-]{subsection.2.5.5}{Abreviaturas e Siglas}{section.2.5}% 21
\BOOKMARK [0][-]{section*.6}{Refer\352ncias}{}% 22
